<?xml version="1.0" encoding="UTF-8"?>
<!-- Generated by org.testng.reporters.JUnitReportReporter -->
<testsuite hostname="Ajinkya-PC" failures="0" tests="1" name="FlipckartTesting.FlipKartTest1" time="13.706" errors="0" timestamp="2022-10-08T17:57:31 IST" skipped="0">
  <testcase classname="FlipckartTesting.FlipKartTest1" name="FlipTest" time="13.706"/>
  <system-out/>
</testsuite> <!-- FlipckartTesting.FlipKartTest1 -->
